<?xml version="1.0" encoding="UTF-8"?>
<!-- Generated by org.testng.reporters.JUnitReportReporter -->
<testsuite skipped="0" hostname="Jaggus-PC" name="com.Testcases.ExampleTest" tests="2" failures="0" timestamp="2021-10-25T09:15:24 PDT" time="0.003" errors="0">
  <testcase name="testExample2" time="0.001" classname="com.Testcases.ExampleTest"/>
  <system-out/>
  <testcase name="testExample1" time="0.002" classname="com.Testcases.ExampleTest"/>
  <system-out/>
</testsuite> <!-- com.Testcases.ExampleTest -->
