<?xml version="1.0" encoding="UTF-8"?>
<!-- Generated by org.testng.reporters.JUnitReportReporter -->
<testsuite skipped="0" hostname="Jaggus-PC" name="com.Testcases.restapisample1" tests="1" failures="0" timestamp="2021-10-22T06:07:56 PDT" time="3.564" errors="0">
  <testcase name="test11" time="3.564" classname="com.Testcases.restapisample1"/>
  <system-out/>
</testsuite> <!-- com.Testcases.restapisample1 -->
