<?xml version="1.0" encoding="UTF-8"?>
<!-- Generated by org.testng.reporters.JUnitReportReporter -->
<testsuite skipped="0" hostname="Jaggus-PC" name="com.Testcases.Example" tests="2" failures="0" timestamp="2021-10-25T09:15:24 PDT" time="0.035" errors="0">
  <testcase name="test" time="0.033" classname="com.Testcases.Example"/>
  <system-out/>
  <testcase name="test2" time="0.002" classname="com.Testcases.Example"/>
  <system-out/>
</testsuite> <!-- com.Testcases.Example -->
