<?xml version="1.0" encoding="UTF-8"?>
<!-- Generated by org.testng.reporters.JUnitReportReporter -->
<testsuite skipped="0" hostname="Jaggus-PC" name="com.Testcases.RestAssured" tests="1" failures="0" timestamp="2021-10-22T06:30:59 PDT" time="3.214" errors="0">
  <testcase name="test12" time="3.214" classname="com.Testcases.RestAssured"/>
  <system-out/>
</testsuite> <!-- com.Testcases.RestAssured -->
