<?xml version="1.0" encoding="UTF-8"?>
<!-- Generated by org.testng.reporters.JUnitReportReporter -->
<testsuite skipped="0" hostname="Jaggus-PC" name="om.sample.sample1" tests="1" failures="0" timestamp="2021-10-22T03:12:36 PDT" time="0.018" errors="0">
  <testcase name="test23" time="0.018" classname="om.sample.sample1"/>
  <system-out/>
</testsuite> <!-- om.sample.sample1 -->
